[    1240ms] [INFO] %cDownload the React DevTools for a better development experience: https://reactjs.org/link/react-devtools font-weight:bold @ http://localhost:3000/_next/static/chunks/node_modules_next_dist_compiled_react-dom_cjs_react-dom_development_c9a189.js:32458
[    1484ms] [LOG] [Fast Refresh] rebuilding @ http://localhost:3000/_next/static/chunks/node_modules_next_dist_client_90f538._.js:12474
[    1573ms] [LOG] 📏 Navigation Space Check: {headerWidth: 1036, leftWidth: 250.5729217529297, rightWidth: 480, totalNavWidth: 1149.65625, availableSpace: 157.4270782470703} @ http://localhost:3000/_next/static/chunks/_48e0d3._.js:1143
[    1695ms] [LOG] 📏 Navigation Space Check: {headerWidth: 1036, leftWidth: 250.5729217529297, rightWidth: 480, totalNavWidth: 1149.65625, availableSpace: 157.4270782470703} @ http://localhost:3000/_next/static/chunks/_48e0d3._.js:1143
[    1703ms] [LOG] [Fast Refresh] rebuilding @ http://localhost:3000/_next/static/chunks/node_modules_next_dist_client_90f538._.js:12474
[ 1003757ms] [LOG] [Fast Refresh] rebuilding @ http://localhost:3000/_next/static/chunks/node_modules_next_dist_client_90f538._.js:12474
[ 1272979ms] [LOG] [Fast Refresh] rebuilding @ http://localhost:3000/_next/static/chunks/node_modules_next_dist_client_90f538._.js:12474
[ 1344840ms] [WARNING] Select is changing from uncontrolled to controlled. Components should not switch from controlled to uncontrolled (or vice versa). Decide between using a controlled or uncontrolled value for the lifetime of the component. @ http://localhost:3000/_next/static/chunks/node_modules_@radix-ui_05fb99._.js:5325
[ 1350914ms] [WARNING] Select is changing from uncontrolled to controlled. Components should not switch from controlled to uncontrolled (or vice versa). Decide between using a controlled or uncontrolled value for the lifetime of the component. @ http://localhost:3000/_next/static/chunks/node_modules_@radix-ui_05fb99._.js:5325
[ 1356924ms] [WARNING] Select is changing from uncontrolled to controlled. Components should not switch from controlled to uncontrolled (or vice versa). Decide between using a controlled or uncontrolled value for the lifetime of the component. @ http://localhost:3000/_next/static/chunks/node_modules_@radix-ui_05fb99._.js:5325
[ 1362994ms] [WARNING] Select is changing from uncontrolled to controlled. Components should not switch from controlled to uncontrolled (or vice versa). Decide between using a controlled or uncontrolled value for the lifetime of the component. @ http://localhost:3000/_next/static/chunks/node_modules_@radix-ui_05fb99._.js:5325
[ 1759761ms] [LOG] 📏 Navigation Space Check: {headerWidth: 1600, leftWidth: 250.5729217529297, rightWidth: 480, totalNavWidth: 1149.65625, availableSpace: 721.4270782470703} @ http://localhost:3000/_next/static/chunks/_48e0d3._.js:1143
[ 1790118ms] [WARNING] Select is changing from uncontrolled to controlled. Components should not switch from controlled to uncontrolled (or vice versa). Decide between using a controlled or uncontrolled value for the lifetime of the component. @ http://localhost:3000/_next/static/chunks/node_modules_@radix-ui_05fb99._.js:5325
[ 1796184ms] [WARNING] Select is changing from uncontrolled to controlled. Components should not switch from controlled to uncontrolled (or vice versa). Decide between using a controlled or uncontrolled value for the lifetime of the component. @ http://localhost:3000/_next/static/chunks/node_modules_@radix-ui_05fb99._.js:5325
[ 1802248ms] [WARNING] Select is changing from uncontrolled to controlled. Components should not switch from controlled to uncontrolled (or vice versa). Decide between using a controlled or uncontrolled value for the lifetime of the component. @ http://localhost:3000/_next/static/chunks/node_modules_@radix-ui_05fb99._.js:5325
[ 1808310ms] [WARNING] Select is changing from uncontrolled to controlled. Components should not switch from controlled to uncontrolled (or vice versa). Decide between using a controlled or uncontrolled value for the lifetime of the component. @ http://localhost:3000/_next/static/chunks/node_modules_@radix-ui_05fb99._.js:5325
[ 5326040ms] [LOG] [Fast Refresh] rebuilding @ http://localhost:3000/_next/static/chunks/node_modules_next_dist_client_90f538._.js:12474
[ 5327262ms] [LOG] [Fast Refresh] rebuilding @ http://localhost:3000/_next/static/chunks/node_modules_next_dist_client_90f538._.js:12474
[ 5327411ms] [LOG] [Fast Refresh] rebuilding @ http://localhost:3000/_next/static/chunks/node_modules_next_dist_client_90f538._.js:12474
[ 5524057ms] [LOG] [Fast Refresh] rebuilding @ http://localhost:3000/_next/static/chunks/node_modules_next_dist_client_90f538._.js:12474
